-outxml
-source
1.6
-target
1.6
-classpath
/Users/shivamsinha/.m2/repository/aopalliance/aopalliance/1.0/aopalliance-1.0.jar:/Users/shivamsinha/.m2/repository/commons-fileupload/commons-fileupload/1.2.2/commons-fileupload-1.2.2.jar:/Users/shivamsinha/.m2/repository/commons-io/commons-io/2.0.1/commons-io-2.0.1.jar:/Users/shivamsinha/.m2/repository/javax/inject/javax.inject/1/javax.inject-1.jar:/Users/shivamsinha/.m2/repository/javax/servlet/servlet-api/2.5/servlet-api-2.5.jar:/Users/shivamsinha/.m2/repository/javax/servlet/jsp/jsp-api/2.1/jsp-api-2.1.jar:/Users/shivamsinha/.m2/repository/javax/servlet/jsp/jstl/jstl-api/1.2/jstl-api-1.2.jar:/Users/shivamsinha/.m2/repository/javax/validation/validation-api/1.0.0.GA/validation-api-1.0.0.GA.jar:/Users/shivamsinha/.m2/repository/jdom/jdom/1.0/jdom-1.0.jar:/Users/shivamsinha/.m2/repository/joda-time/joda-time/1.6.2/joda-time-1.6.2.jar:/Users/shivamsinha/.m2/repository/junit/junit/4.8.2/junit-4.8.2.jar:/Users/shivamsinha/.m2/repository/log4j/log4j/1.2.16/log4j-1.2.16.jar:/Users/shivamsinha/.m2/repository/net/java/dev/rome/rome/1.0.0/rome-1.0.0.jar:/Users/shivamsinha/.m2/repository/opensymphony/sitemesh/2.4.2/sitemesh-2.4.2.jar:/Users/shivamsinha/.m2/repository/org/aspectj/aspectjrt/1.6.10/aspectjrt-1.6.10.jar:/Users/shivamsinha/.m2/repository/org/codehaus/jackson/jackson-core-asl/1.8.1/jackson-core-asl-1.8.1.jar:/Users/shivamsinha/.m2/repository/org/codehaus/jackson/jackson-mapper-asl/1.8.1/jackson-mapper-asl-1.8.1.jar:/Users/shivamsinha/.m2/repository/org/glassfish/web/jstl-impl/1.2/jstl-impl-1.2.jar:/Users/shivamsinha/.m2/repository/org/hibernate/hibernate-validator/4.1.0.Final/hibernate-validator-4.1.0.Final.jar:/Users/shivamsinha/.m2/repository/org/slf4j/jcl-over-slf4j/1.6.1/jcl-over-slf4j-1.6.1.jar:/Users/shivamsinha/.m2/repository/org/slf4j/slf4j-api/1.6.1/slf4j-api-1.6.1.jar:/Users/shivamsinha/.m2/repository/org/slf4j/slf4j-log4j12/1.6.1/slf4j-log4j12-1.6.1.jar:/Users/shivamsinha/.m2/repository/org/springframework/spring-aop/3.1.0.RELEASE/spring-aop-3.1.0.RELEASE.jar:/Users/shivamsinha/.m2/repository/org/springframework/spring-asm/3.1.0.RELEASE/spring-asm-3.1.0.RELEASE.jar:/Users/shivamsinha/.m2/repository/org/springframework/spring-beans/3.1.0.RELEASE/spring-beans-3.1.0.RELEASE.jar:/Users/shivamsinha/.m2/repository/org/springframework/spring-context/3.1.0.RELEASE/spring-context-3.1.0.RELEASE.jar:/Users/shivamsinha/.m2/repository/org/springframework/spring-context-support/3.1.0.RELEASE/spring-context-support-3.1.0.RELEASE.jar:/Users/shivamsinha/.m2/repository/org/springframework/spring-core/3.1.0.RELEASE/spring-core-3.1.0.RELEASE.jar:/Users/shivamsinha/.m2/repository/org/springframework/spring-expression/3.1.0.RELEASE/spring-expression-3.1.0.RELEASE.jar:/Users/shivamsinha/.m2/repository/org/springframework/spring-web/3.1.0.RELEASE/spring-web-3.1.0.RELEASE.jar:/Users/shivamsinha/.m2/repository/org/springframework/spring-webmvc/3.1.0.RELEASE/spring-webmvc-3.1.0.RELEASE.jar:/Users/shivamsinha/Documents/workspace/ParkingEngine/target/classes
-d
/Users/shivamsinha/Documents/workspace/ParkingEngine/target/classes
/Users/shivamsinha/Documents/workspace/ParkingEngine/src/main/java/org/springframework/samples/mvc/convert/MaskFormatAnnotationFormatterFactory.java
/Users/shivamsinha/Documents/workspace/ParkingEngine/src/main/java/org/springframework/samples/mvc/views/ViewsController.java
/Users/shivamsinha/Documents/workspace/ParkingEngine/src/main/java/org/springframework/samples/mvc/form/FormController.java
/Users/shivamsinha/Documents/workspace/ParkingEngine/src/main/java/org/springframework/samples/mvc/data/JavaBean.java
/Users/shivamsinha/Documents/workspace/ParkingEngine/src/main/java/org/springframework/samples/mvc/mapping/ClasslevelMappingController.java
/Users/shivamsinha/Documents/workspace/ParkingEngine/src/main/java/org/springframework/samples/mvc/form/FormBean.java
/Users/shivamsinha/Documents/workspace/ParkingEngine/src/main/java/org/springframework/samples/mvc/data/custom/RequestAttribute.java
/Users/shivamsinha/Documents/workspace/ParkingEngine/src/main/java/org/springframework/samples/mvc/simple/SimpleControllerRevisited.java
/Users/shivamsinha/Documents/workspace/ParkingEngine/src/main/java/org/springframework/samples/mvc/convert/NestedBean.java
/Users/shivamsinha/Documents/workspace/ParkingEngine/src/main/java/org/springframework/samples/mvc/convert/JavaBean.java
/Users/shivamsinha/Documents/workspace/ParkingEngine/src/main/java/org/springframework/samples/mvc/response/ResponseController.java
/Users/shivamsinha/Documents/workspace/ParkingEngine/src/main/java/org/springframework/samples/mvc/convert/ConvertController.java
/Users/shivamsinha/Documents/workspace/ParkingEngine/src/main/java/org/springframework/samples/mvc/form/InquiryType.java
/Users/shivamsinha/Documents/workspace/ParkingEngine/src/main/java/org/springframework/samples/mvc/views/JavaBean.java
/Users/shivamsinha/Documents/workspace/ParkingEngine/src/main/java/org/springframework/samples/mvc/data/RequestDataController.java
/Users/shivamsinha/Documents/workspace/ParkingEngine/src/main/java/org/springframework/samples/mvc/validation/JavaBean.java
/Users/shivamsinha/Documents/workspace/ParkingEngine/src/main/java/org/springframework/samples/mvc/convert/SocialSecurityNumber.java
/Users/shivamsinha/Documents/workspace/ParkingEngine/src/main/java/org/springframework/samples/mvc/convert/MaskFormat.java
/Users/shivamsinha/Documents/workspace/ParkingEngine/src/main/java/org/springframework/samples/mvc/redirect/RedirectController.java
/Users/shivamsinha/Documents/workspace/ParkingEngine/src/main/java/org/springframework/samples/mvc/data/custom/CustomArgumentResolver.java
/Users/shivamsinha/Documents/workspace/ParkingEngine/src/main/java/org/springframework/samples/mvc/validation/ValidationController.java
/Users/shivamsinha/Documents/workspace/ParkingEngine/src/main/java/org/springframework/mvc/extensions/ajax/AjaxUtils.java
/Users/shivamsinha/Documents/workspace/ParkingEngine/src/main/java/org/springframework/samples/mvc/data/custom/CustomArgumentController.java
/Users/shivamsinha/Documents/workspace/ParkingEngine/src/main/java/org/springframework/samples/mvc/mapping/JavaBean.java
/Users/shivamsinha/Documents/workspace/ParkingEngine/src/main/java/org/springframework/samples/mvc/exceptions/ExceptionController.java
/Users/shivamsinha/Documents/workspace/ParkingEngine/src/main/java/org/springframework/samples/mvc/mapping/MappingController.java
/Users/shivamsinha/Documents/workspace/ParkingEngine/src/main/java/org/springframework/samples/mvc/simple/SimpleController.java
/Users/shivamsinha/Documents/workspace/ParkingEngine/src/main/java/org/springframework/samples/mvc/fileupload/FileUploadController.java
/Users/shivamsinha/Documents/workspace/ParkingEngine/src/main/java/org/springframework/samples/mvc/data/standard/StandardArgumentsController.java
/Users/shivamsinha/Documents/workspace/ParkingEngine/src/main/java/org/springframework/samples/mvc/messageconverters/JavaBean.java
/Users/shivamsinha/Documents/workspace/ParkingEngine/src/main/java/org/springframework/samples/mvc/messageconverters/MessageConvertersController.java
